"E:/Uni Work/3rd_Year/PotatoeEaters/PotatoeGame/Content/Blueprints/BP_Lights.uasset" 0
"E:/Uni Work/3rd_Year/PotatoeEaters/PotatoeGame/Content/Blueprints/BP_ObsticleParent.uasset" 1
"E:/Uni Work/3rd_Year/PotatoeEaters/PotatoeGame/Content/Blueprints/HUD/PauseStuff/UMG/Materials/M_UMG_LogoMaterial.uasset" 2
"E:/Uni Work/3rd_Year/PotatoeEaters/PotatoeGame/Content/GoodSky/Source/Textures/T_GoodSky_noise_smooth.uasset" 3
"E:/Uni Work/3rd_Year/PotatoeEaters/PotatoeGame/Content/GoodSky/Source/Materials/Material_Function/MF_GoodSky_LightningFlick.uasset" 4
"E:/Uni Work/3rd_Year/PotatoeEaters/PotatoeGame/Content/GoodSky/Source/Materials/Light_Function/M_GoodSky_StormLightning_LightFunction.uasset" 5
"E:/Uni Work/3rd_Year/PotatoeEaters/PotatoeGame/Content/GoodSky/Source/UI/WB_GoodSky_Menu.uasset" 6
"E:/Uni Work/3rd_Year/PotatoeEaters/PotatoeGame/Content/Meshes/lambert2.uasset" 7
"../../../Engine/Content/Functions/Engine_MaterialFunctions02/SafeNormalize.uasset" 8
"../../../Engine/Content/Functions/Engine_MaterialFunctions02/Math/CreateThirdOrthogonalVector.uasset" 9
"../../../Engine/Content/Functions/Engine_MaterialFunctions02/Math/InverseTransformMatrix.uasset" 10
"../../../Engine/Content/Functions/Engine_MaterialFunctions02/Math/TransformToZVector.uasset" 11
"../../../Engine/Content/Functions/Engine_MaterialFunctions02/Utility/CameraDirectionVector.uasset" 12
"../../../Engine/Content/Functions/Engine_MaterialFunctions02/Utility/VectorLength.uasset" 13
"../../../Engine/Content/EngineVolumetrics/Fogsheet/Materials/T_EV_BlankWhite_01.uasset" 14
"../../../Engine/Content/Functions/Engine_MaterialFunctions01/Texturing/ParallaxOcclusionMapping.uasset" 15
"E:/Uni Work/3rd_Year/PotatoeEaters/PotatoeGame/Content/Materials/WoodPlanks/tbykeacs_2K_Albedo.uasset" 16
"E:/Uni Work/3rd_Year/PotatoeEaters/PotatoeGame/Content/Materials/WoodPlanks/tbykeacs_2K_AO.uasset" 17
"E:/Uni Work/3rd_Year/PotatoeEaters/PotatoeGame/Content/Materials/WoodPlanks/tbykeacs_2K_Displacement.uasset" 18
"E:/Uni Work/3rd_Year/PotatoeEaters/PotatoeGame/Content/Materials/WoodPlanks/tbykeacs_2K_Normal.uasset" 19
"E:/Uni Work/3rd_Year/PotatoeEaters/PotatoeGame/Content/Materials/WoodPlanks/tbykeacs_2K_Roughness.uasset" 20
"E:/Uni Work/3rd_Year/PotatoeEaters/PotatoeGame/Content/Materials/WoodPlanks/M_WoodPlanks.uasset" 21
"E:/Uni Work/3rd_Year/PotatoeEaters/PotatoeGame/Content/Materials/WoodPlanks/M_WoodPlanks_InstWall.uasset" 22
"E:/Uni Work/3rd_Year/PotatoeEaters/PotatoeGame/Content/Meshes/Window.uasset" 23
"E:/Uni Work/3rd_Year/PotatoeEaters/PotatoeGame/Content/Meshes/Hand/HAND_C.uasset" 24
"E:/Uni Work/3rd_Year/PotatoeEaters/PotatoeGame/Content/Meshes/Hand/HAND_N_.uasset" 25
"E:/Uni Work/3rd_Year/PotatoeEaters/PotatoeGame/Content/Meshes/Hand/HAND_S.uasset" 26
"E:/Uni Work/3rd_Year/PotatoeEaters/PotatoeGame/Content/Meshes/Hand/Material_004.uasset" 27
"E:/Uni Work/3rd_Year/PotatoeEaters/PotatoeGame/Content/Meshes/Hand/GrippingHand_Skeleton.uasset" 28
"E:/Uni Work/3rd_Year/PotatoeEaters/PotatoeGame/Content/Meshes/Hand/GrippingHand.uasset" 29
"E:/Uni Work/3rd_Year/PotatoeEaters/PotatoeGame/Content/Overlay/InsideCartoonHumanMouth.uasset" 30
"E:/Uni Work/3rd_Year/PotatoeEaters/PotatoeGame/Content/Overlay/InsideMouthBottom.uasset" 31
"E:/Uni Work/3rd_Year/PotatoeEaters/PotatoeGame/Content/Overlay/InsideMouthTop.uasset" 32
"E:/Uni Work/3rd_Year/PotatoeEaters/PotatoeGame/Content/Overlay/M_OilPaintingPostProc.uasset" 33
"E:/Uni Work/3rd_Year/PotatoeEaters/PotatoeGame/Content/Overlay/M_OilPaintingPostProc_Inst.uasset" 34
"E:/Uni Work/3rd_Year/PotatoeEaters/PotatoeGame/Content/Rolling/Materials/PM_Ball.uasset" 35
"E:/Uni Work/3rd_Year/PotatoeEaters/PotatoeGame/Content/RollingBP/Blueprints/PotatoeHUD.uasset" 36
"E:/Uni Work/3rd_Year/PotatoeEaters/PotatoeGame/Content/RollingBP/Blueprints/PotatoPC.uasset" 37
"../../../Engine/Content/Functions/Engine_MaterialFunctions01/Opacity/CameraDepthFade.uasset" 38
"../../../Engine/Content/EngineMaterials/T_Default_Material_Grid_M.uasset" 39
"../../../Engine/Content/EngineMaterials/T_Default_Material_Grid_N.uasset" 40
"../../../Engine/Content/EngineMaterials/WorldGridMaterial.uasset" 41
"../../../Engine/Content/ArtTools/RenderToTexture/Meshes/S_1_Unit_Plane.uasset" 42
"../../../Engine/Content/EngineMaterials/DefaultMaterial.uasset" 43
"../../../Engine/Content/BasicShapes/Cone.uasset" 44
"../../../Engine/Content/BasicShapes/Cylinder.uasset" 45
"../../../Engine/Content/BasicShapes/Sphere.uasset" 46
"../../../Engine/Content/EditorLandscapeResources/DataLayer.uasset" 47
"../../../Engine/Content/EditorMaterials/GizmoMaterial.uasset" 48
"../../../Engine/Content/EditorMaterials/MAT_Groups_Toggle.uasset" 49
"../../../Engine/Content/EditorMaterials/MAT_Groups_Visibility.uasset" 50
"../../../Engine/Content/EditorMaterials/PreviewShadowIndicator.uasset" 51
"../../../Engine/Content/EditorMaterials/PreviewShadowIndicatorMaterial.uasset" 52
"../../../Engine/Content/EditorMaterials/MatineeGroups/MAT_ColorTrack.uasset" 53
"../../../Engine/Content/EditorMaterials/MatineeGroups/MAT_Groups_Anim.uasset" 54
"../../../Engine/Content/EditorMaterials/MatineeGroups/MAT_Groups_AudioMaster.uasset" 55
"../../../Engine/Content/EditorMaterials/MatineeGroups/MAT_Groups_Director.uasset" 56
"../../../Engine/Content/EditorMaterials/MatineeGroups/MAT_Groups_Event.uasset" 57
"../../../Engine/Content/EditorMaterials/MatineeGroups/MAT_Groups_Fade.uasset" 58
"../../../Engine/Content/EditorMaterials/MatineeGroups/MAT_Groups_Float.uasset" 59
"../../../Engine/Content/EditorMaterials/MatineeGroups/MAT_Groups_Move.uasset" 60
"../../../Engine/Content/EditorMaterials/MatineeGroups/MAT_Groups_Slomo.uasset" 61
"../../../Engine/Content/EditorMaterials/MatineeGroups/MAT_Groups_Sound.uasset" 62
"../../../Engine/Content/EditorMaterials/MatineeGroups/MAT_Groups_Vector.uasset" 63
"../../../Engine/Content/EditorMaterials/ParticleSystems/PSysThumbnail_NoImage.uasset" 64
"../../../Engine/Content/EditorMaterials/ParticleSystems/PSysThumbnail_OOD.uasset" 65
"../../../Engine/Content/EditorMaterials/Camera/CineMat.uasset" 66
"../../../Engine/Content/EditorMaterials/Camera/MI_CineMat_Rig.uasset" 67
"../../../Engine/Content/EditorMeshes/Camera/SM_CraneRig_Arm.uasset" 68
"../../../Engine/Content/EditorMeshes/Camera/SM_CraneRig_Base.uasset" 69
"../../../Engine/Content/EditorMeshes/Camera/SM_CraneRig_Body.uasset" 70
"../../../Engine/Content/EditorMeshes/Camera/SM_CraneRig_Mount.uasset" 71
"../../../Engine/Content/EditorMeshes/Camera/SM_RailRig_Mount.uasset" 72
"../../../Engine/Content/EditorMeshes/Camera/SM_RailRig_Track.uasset" 73
"../../../Engine/Content/EditorResources/BSPVertex.uasset" 74
"../../../Engine/Content/EditorResources/EmptyActor.uasset" 75
"../../../Engine/Content/EditorResources/S_Actor.uasset" 76
"../../../Engine/Content/EditorResources/S_Trigger.uasset" 77
"../../../Engine/Content/EditorResources/AudioIcons/S_AudioComponent_AutoActivate.uasset" 78
"../../../Engine/Content/EditorResources/LightIcons/S_LightError.uasset" 79
"../../../Engine/Content/EditorResources/SequenceRecorder/Countdown.uasset" 80
"../../../Engine/Content/EditorResources/SequenceRecorder/RecordingIndicator.uasset" 81
"../../../Engine/Content/EditorSounds/Notifications/CompileFailed.uasset" 82
"../../../Engine/Content/EditorSounds/Notifications/CompileFailed_Cue.uasset" 83
"../../../Engine/Content/EditorSounds/Notifications/CompileSuccess.uasset" 84
"../../../Engine/Content/EditorSounds/Notifications/CompileStart_Cue.uasset" 85
"../../../Engine/Content/EditorSounds/Notifications/CompileSuccess_Cue.uasset" 86
"../../../Engine/Content/EngineDamageTypes/DmgTypeBP_Environmental.uasset" 87
"../../../Engine/Content/EngineDebugMaterials/HeatmapGradient.uasset" 88
"../../../Engine/Content/EngineDebugMaterials/BoneWeightMaterial.uasset" 89
"../../../Engine/Content/EngineDebugMaterials/ClothMaterial.uasset" 90
"../../../Engine/Content/EngineDebugMaterials/ClothMaterial_WF.uasset" 91
"../../../Engine/Content/EngineDebugMaterials/DebugEditorMaterial.uasset" 92
"../../../Engine/Content/EngineDebugMaterials/DebugMeshMaterial.uasset" 93
"../../../Engine/Content/EngineDebugMaterials/GeomMaterial.uasset" 94
"../../../Engine/Content/EngineDebugMaterials/M_SimpleTranslucent.uasset" 95
"../../../Engine/Content/EngineFonts/Faces/RobotoBold.uasset" 96
"../../../Engine/Content/EngineFonts/Faces/RobotoBoldItalic.uasset" 97
"../../../Engine/Content/EngineFonts/Faces/RobotoItalic.uasset" 98
"../../../Engine/Content/EngineFonts/Faces/RobotoLight.uasset" 99
"../../../Engine/Content/EngineFonts/Faces/RobotoRegular.uasset" 100
"../../../Engine/Content/EngineFonts/Roboto.uasset" 101
"../../../Engine/Content/EngineFonts/Faces/RobotoTiny.uasset" 102
"../../../Engine/Content/EngineFonts/RobotoTiny.uasset" 103
"../../../Engine/Content/EngineMaterials/BaseFlattenDiffuseMap.uasset" 104
"../../../Engine/Content/EngineMaterials/BaseFlattenEmissiveMap.uasset" 105
"../../../Engine/Content/EngineMaterials/BaseFlattenGrayscaleMap.uasset" 106
"../../../Engine/Content/EngineMaterials/BaseFlattenNormalMap.uasset" 107
"../../../Engine/Content/EngineMaterials/BaseFlattenMaterial.uasset" 108
"../../../Engine/Content/EngineMaterials/DefaultBloomKernel.uasset" 109
"../../../Engine/Content/EngineMaterials/DefaultBokeh.uasset" 110
"../../../Engine/Content/EngineMaterials/DefaultDiffuse.uasset" 111
"../../../Engine/Content/EngineMaterials/DefaultDeferredDecalMaterial.uasset" 112
"../../../Engine/Content/EngineMaterials/DefaultLightFunctionMaterial.uasset" 113
"../../../Engine/Content/EngineMaterials/DefaultPhysicalMaterial.uasset" 114
"../../../Engine/Content/Functions/Engine_MaterialFunctions02/Utility/BreakOutFloat2Components.uasset" 115
"../../../Engine/Content/EngineMaterials/DefaultPostProcessMaterial.uasset" 116
"../../../Engine/Content/EngineFonts/RobotoDistanceField.uasset" 117
"../../../Engine/Content/EngineMaterials/DefaultTextMaterialOpaque.uasset" 118
"../../../Engine/Content/EngineMaterials/DefaultWhiteGrid.uasset" 119
"../../../Engine/Content/EngineMaterials/EditorBrushMaterial.uasset" 120
"../../../Engine/Content/EngineMaterials/Good64x64TilingNoiseHighFreq.uasset" 121
"../../../Engine/Content/EngineMaterials/MiniFont.uasset" 122
"../../../Engine/Content/EngineMaterials/InvalidLightmapSettings.uasset" 123
"../../../Engine/Content/EngineMaterials/M_InvalidLightmapSettings.uasset" 124
"../../../Engine/Content/Functions/Engine_MaterialFunctions02/WorldPositionOffset/CameraOffset.uasset" 125
"../../../Engine/Content/EngineMaterials/PhAT_JointLimitMaterial.uasset" 126
"../../../Engine/Content/EngineMaterials/PreintegratedSkinBRDF.uasset" 127
"../../../Engine/Content/EngineMaterials/RemoveSurfaceMaterial.uasset" 128
"../../../Engine/Content/EngineMaterials/WeightMapPlaceholderTexture.uasset" 129
"../../../Engine/Content/EngineResources/WhiteSquareTexture.uasset" 130
"../../../Engine/Content/EngineMaterials/Widget3DPassThrough.uasset" 131
"../../../Engine/Content/EngineMaterials/Widget3DPassThrough_Masked.uasset" 132
"../../../Engine/Content/EngineMaterials/Widget3DPassThrough_Opaque.uasset" 133
"../../../Engine/Content/EngineMaterials/Widget3DPassThrough_Masked_OneSided.uasset" 134
"../../../Engine/Content/EngineMaterials/Widget3DPassThrough_Opaque_OneSided.uasset" 135
"../../../Engine/Content/EngineMaterials/Widget3DPassThrough_Translucent.uasset" 136
"../../../Engine/Content/EngineMaterials/Widget3DPassThrough_Translucent_OneSided.uasset" 137
"../../../Engine/Content/EngineMeshes/Cylinder.uasset" 138
"../../../Engine/Content/EngineMeshes/Sphere.uasset" 139
"../../../Engine/Content/EngineResources/Black.uasset" 140
"../../../Engine/Content/EngineResources/DefaultTexture.uasset" 141
"../../../Engine/Content/EngineResources/DefaultTextureCube.uasset" 142
"../../../Engine/Content/EngineResources/DefaultVolumeTexture2D.uasset" 143
"../../../Engine/Content/EngineResources/DefaultVolumeTexture.uasset" 144
"../../../Engine/Content/EngineResources/GradientTexture0.uasset" 145
"../../../Engine/Content/EngineSounds/Master.uasset" 146
"../../../Engine/Content/Functions/Engine_MaterialFunctions01/Shading/ConvertFromDiffSpec.uasset" 147
"../../../Engine/Content/Functions/Engine_MaterialFunctions01/Shading/PowerToRoughness.uasset" 148
"../../../Engine/Content/Maps/Templates/Thumbnails/Default.uasset" 149
"../../../Engine/Content/Maps/Templates/Thumbnails/VR-Basic.uasset" 150
"../../../Engine/Content/MobileResources/T_MobileControls_texture.uasset" 151
"../../../Engine/Content/MobileResources/T_MobileMenu2.uasset" 152
"../../../Engine/Content/MobileResources/HUD/AnalogHat.uasset" 153
"../../../Engine/Content/MobileResources/HUD/VirtualJoystick_Background.uasset" 154
"../../../Engine/Content/MobileResources/HUD/VirtualJoystick_Thumb.uasset" 155
"../../../Engine/Content/MobileResources/HUD/DefaultVirtualJoysticks.uasset" 156
"../../../Engine/Content/MobileResources/HUD/LeftVirtualJoystickOnly.uasset" 157
"../../../Engine/Content/MobileResources/HUD/MobileHUDButton1_off.uasset" 158
"../../../Engine/Content/MobileResources/HUD/MobileHUDButton1_on.uasset" 159
"../../../Engine/Content/MobileResources/HUD/MobileHUDButton2_off.uasset" 160
"../../../Engine/Content/MobileResources/HUD/MobileHUDButton2_on.uasset" 161
"../../../Engine/Content/MobileResources/HUD/MobileHUDButton3.uasset" 162
"../../../Engine/Content/MobileResources/HUD/MobileHUDButtonFire.uasset" 163
"../../../Engine/Content/MobileResources/HUD/MobileHUDDirectionPad.uasset" 164
"../../../Engine/Content/MobileResources/HUD/MobileHUDDirectionPad2.uasset" 165
"../../../Engine/Content/MobileResources/HUD/MobileHUDDirectionPad3.uasset" 166
"../../../Engine/Content/MobileResources/HUD/MobileHUDDirectionStick.uasset" 167
"../../../Engine/Content/MobileResources/HUD/T_Castle_ThumbstickInner.uasset" 168
"../../../Engine/Content/MobileResources/HUD/T_Castle_ThumbstickOutter.uasset" 169
"../../../Engine/Content/Tutorial/ContentIntroCurve.uasset" 170
"../../../Engine/Content/VREditor/LaserPointer/VR_LaserPower_01.uasset" 171
"../../../Engine/Content/VREditor/TransformGizmo/TransformGizmoMaterial.uasset" 172
"../../../Engine/Content/VREditor/TransformGizmo/TranslucentTransformGizmoMaterial.uasset" 173
"../../../Engine/Content/VREditor/TransformGizmo/BoundingBoxCorner.uasset" 174
"../../../Engine/Content/VREditor/TransformGizmo/BoundingBoxEdge.uasset" 175
"../../../Engine/Content/VREditor/TransformGizmo/PlaneTranslationHandle.uasset" 176
"../../../Engine/Content/VREditor/TransformGizmo/Main.uasset" 177
"../../../Engine/Content/VREditor/TransformGizmo/Xray.uasset" 178
"../../../Engine/Content/VREditor/TransformGizmo/SM_Sequencer_Key.uasset" 179
"../../../Engine/Content/VREditor/TransformGizmo/SM_Sequencer_Node.uasset" 180
"../../Plugins/2D/Paper2D/Content/PlaceholderTextures/DummySpriteTexture.uasset" 181
"../../Plugins/2D/Paper2D/Content/DummySprite.uasset" 182
"../../Plugins/2D/Paper2D/Content/DefaultPaperTerrainMaterial.uasset" 183
"../../Plugins/2D/Paper2D/Content/DefaultSpriteMaterial.uasset" 184
"../../Plugins/2D/Paper2D/Content/MaskedUnlitSpriteMaterial.uasset" 185
"../../Plugins/2D/Paper2D/Content/OpaqueUnlitSpriteMaterial.uasset" 186
"../../Plugins/Runtime/Oculus/OculusVR/Content/Materials/PokeAHoleMaterial.uasset" 187
"../../Plugins/Runtime/Oculus/OculusVR/Content/Textures/GearVRController_AO.uasset" 188
"../../Plugins/Runtime/Oculus/OculusVR/Content/Textures/GearVRController_Color.uasset" 189
"../../Plugins/Runtime/Oculus/OculusVR/Content/Textures/GearVRController_Normal.uasset" 190
"../../Plugins/Runtime/Oculus/OculusVR/Content/Materials/GearVRControllerMaterial.uasset" 191
"../../Plugins/Runtime/Oculus/OculusVR/Content/Meshes/GearVrController.uasset" 192
"../../Plugins/Runtime/Oculus/OculusVR/Content/Textures/touchController_albedo.uasset" 193
"../../Plugins/Runtime/Oculus/OculusVR/Content/Textures/touchController_controlmap.uasset" 194
"../../Plugins/Runtime/Oculus/OculusVR/Content/Materials/touchController_mat.uasset" 195
"../../Plugins/Runtime/Oculus/OculusVR/Content/Meshes/LeftTouchController.uasset" 196
"../../Plugins/Runtime/Oculus/OculusVR/Content/Meshes/RiftHMD.uasset" 197
"../../Plugins/Runtime/Oculus/OculusVR/Content/Meshes/RightTouchController.uasset" 198
"../../../Engine/Content/EditorBlueprintResources/StandardMacros.uasset" 199
"E:/Uni Work/3rd_Year/PotatoeEaters/PotatoeGame/Content/RollingBP/Blueprints/PotatoeGameState.uasset" 200
"E:/Uni Work/3rd_Year/PotatoeEaters/PotatoeGame/Content/Blueprints/HUD/PauseStuff/BP_GameJamKit_HUD_Interface.uasset" 201
"E:/Uni Work/3rd_Year/PotatoeEaters/PotatoeGame/Content/Overlay/PotatoeEatersPic.uasset" 202
"E:/Uni Work/3rd_Year/PotatoeEaters/PotatoeGame/Content/Blueprints/HUD/PauseStuff/UMG/UMG_GameJam_LoadingScreen_Widget.uasset" 203
"E:/Uni Work/3rd_Year/PotatoeEaters/PotatoeGame/Content/Blueprints/HUD/PauseStuff/UMG/bASE/UMG_GameJam_Button_Base.uasset" 204
"E:/Uni Work/3rd_Year/PotatoeEaters/PotatoeGame/Content/Blueprints/HUD/PauseStuff/UMG/UMG_GameJam_GameOver_Widget.uasset" 205
"E:/Uni Work/3rd_Year/PotatoeEaters/PotatoeGame/Content/Blueprints/HUD/InGameWidget.uasset" 206
"E:/Uni Work/3rd_Year/PotatoeEaters/PotatoeGame/Content/Blueprints/HUD/PauseStuff/UMG/UMG_GameJam_PauseMenu_Widget.uasset" 207
"E:/Uni Work/3rd_Year/PotatoeEaters/PotatoeGame/Content/Overlay/InsideMouth.uasset" 208
"E:/Uni Work/3rd_Year/PotatoeEaters/PotatoeGame/Content/RollingBP/Blueprints/MouthHUD.uasset" 209
"E:/Uni Work/3rd_Year/PotatoeEaters/PotatoeGame/Content/Blueprints/HUD/PauseStuff/BP_GameJamKit_InGame_HUD.uasset" 210
"E:/Uni Work/3rd_Year/PotatoeEaters/PotatoeGame/Content/Meshes/Potatoe_M_Potatoe_BaseColor.uasset" 211
"E:/Uni Work/3rd_Year/PotatoeEaters/PotatoeGame/Content/Meshes/Potatoe_M_Potatoe_Normal.uasset" 212
"E:/Uni Work/3rd_Year/PotatoeEaters/PotatoeGame/Content/Meshes/Potatoe_M_Potatoe_OcclusionRoughnessMetallic.uasset" 213
"E:/Uni Work/3rd_Year/PotatoeEaters/PotatoeGame/Content/Meshes/M_Potatoe.uasset" 214
"E:/Uni Work/3rd_Year/PotatoeEaters/PotatoeGame/Content/Meshes/Potatoe.uasset" 215
"E:/Uni Work/3rd_Year/PotatoeEaters/PotatoeGame/Content/RollingBP/Blueprints/PhysicsBallBP.uasset" 216
"E:/Uni Work/3rd_Year/PotatoeEaters/PotatoeGame/Content/RollingBP/Blueprints/PotatoGameInstance.uasset" 217
"E:/Uni Work/3rd_Year/PotatoeEaters/PotatoeGame/Content/Materials/M_Glass.uasset" 218
"E:/Uni Work/3rd_Year/PotatoeEaters/PotatoeGame/Content/Meshes/Plate_lambert1_BaseColor.uasset" 219
"E:/Uni Work/3rd_Year/PotatoeEaters/PotatoeGame/Content/Meshes/Plate_lambert1_Normal.uasset" 220
"E:/Uni Work/3rd_Year/PotatoeEaters/PotatoeGame/Content/Meshes/Plate_lambert1_OcclusionRoughnessMetallic.uasset" 221
"E:/Uni Work/3rd_Year/PotatoeEaters/PotatoeGame/Content/Meshes/lambert1.uasset" 222
"E:/Uni Work/3rd_Year/PotatoeEaters/PotatoeGame/Content/Meshes/Glass.uasset" 223
"E:/Uni Work/3rd_Year/PotatoeEaters/PotatoeGame/Content/Meshes/Glass_DM.uasset" 224
"E:/Uni Work/3rd_Year/PotatoeEaters/PotatoeGame/Content/Materials/MudAndSticks/smspdebp_2K_Albedo.uasset" 225
"E:/Uni Work/3rd_Year/PotatoeEaters/PotatoeGame/Content/Materials/MudAndSticks/smspdebp_2K_AO.uasset" 226
"E:/Uni Work/3rd_Year/PotatoeEaters/PotatoeGame/Content/Materials/MudAndSticks/smspdebp_2K_Displacement.uasset" 227
"E:/Uni Work/3rd_Year/PotatoeEaters/PotatoeGame/Content/Materials/MudAndSticks/smspdebp_2K_Normal.uasset" 228
"E:/Uni Work/3rd_Year/PotatoeEaters/PotatoeGame/Content/Materials/MudAndSticks/smspdebp_2K_Roughness.uasset" 229
"E:/Uni Work/3rd_Year/PotatoeEaters/PotatoeGame/Content/Materials/MudAndSticks/M_MudAndSticks.uasset" 230
"E:/Uni Work/3rd_Year/PotatoeEaters/PotatoeGame/Content/Materials/MudAndSticks/M_MudAndSticks_Inst.uasset" 231
"E:/Uni Work/3rd_Year/PotatoeEaters/PotatoeGame/Content/Meshes/Floor.uasset" 232
"E:/Uni Work/3rd_Year/PotatoeEaters/PotatoeGame/Content/Meshes/WindowWithWall.uasset" 233
"E:/Uni Work/3rd_Year/PotatoeEaters/PotatoeGame/Content/Blueprints/BP_EndOfLevel.uasset" 234
"E:/Uni Work/3rd_Year/PotatoeEaters/PotatoeGame/Content/Meshes/Fork_WorldGridMaterial_BaseColor.uasset" 235
"E:/Uni Work/3rd_Year/PotatoeEaters/PotatoeGame/Content/Meshes/Fork_WorldGridMaterial_Normal.uasset" 236
"E:/Uni Work/3rd_Year/PotatoeEaters/PotatoeGame/Content/Meshes/Fork_WorldGridMaterial_OcclusionRoughnessMetallic.uasset" 237
"E:/Uni Work/3rd_Year/PotatoeEaters/PotatoeGame/Content/Meshes/WorldGridMaterial.uasset" 238
"E:/Uni Work/3rd_Year/PotatoeEaters/PotatoeGame/Content/Meshes/Fork.uasset" 239
"E:/Uni Work/3rd_Year/PotatoeEaters/PotatoeGame/Content/Blueprints/Bp_ForkTrap.uasset" 240
"../../../Engine/Content/Functions/Engine_MaterialFunctions01/Density/ExponentialDensity.uasset" 241
"../../../Engine/Content/Functions/Engine_MaterialFunctions01/Gradient/RadialGradientExponential.uasset" 242
"E:/Uni Work/3rd_Year/PotatoeEaters/PotatoeGame/Content/Materials/HandBlueprintMask/M_HandMask.uasset" 243
"../../../Engine/Content/BasicShapes/Plane.uasset" 244
"E:/Uni Work/3rd_Year/PotatoeEaters/PotatoeGame/Content/Meshes/Hand/Hand_Gripping.uasset" 245
"E:/Uni Work/3rd_Year/PotatoeEaters/PotatoeGame/Content/Blueprints/BP_HandAndFork.uasset" 246
"E:/Uni Work/3rd_Year/PotatoeEaters/PotatoeGame/Content/Meshes/Plate.uasset" 247
"E:/Uni Work/3rd_Year/PotatoeEaters/PotatoeGame/Content/Blueprints/BP_Plate.uasset" 248
"../../../Engine/Content/BasicShapes/BasicShapeMaterial.uasset" 249
"../../../Engine/Content/BasicShapes/Cube.uasset" 250
"E:/Uni Work/3rd_Year/PotatoeEaters/PotatoeGame/Content/Blueprints/BP_SwingingLight.uasset" 251
"E:/Uni Work/3rd_Year/PotatoeEaters/PotatoeGame/Content/Blueprints/KillBox.uasset" 252
"E:/Uni Work/3rd_Year/PotatoeEaters/PotatoeGame/Content/Materials/WoodPlanks/M_WoodPlanks_Inst.uasset" 253
"E:/Uni Work/3rd_Year/PotatoeEaters/PotatoeGame/Content/Meshes/Table/Table_Table_Bottom_BaseColor.uasset" 254
"E:/Uni Work/3rd_Year/PotatoeEaters/PotatoeGame/Content/Meshes/Table/Table_Table_Bottom_Normal.uasset" 255
"E:/Uni Work/3rd_Year/PotatoeEaters/PotatoeGame/Content/Meshes/Table/Table_Table_Bottom_OcclusionRoughnessMetallic.uasset" 256
"E:/Uni Work/3rd_Year/PotatoeEaters/PotatoeGame/Content/Meshes/Table/Table_Bottom.uasset" 257
"E:/Uni Work/3rd_Year/PotatoeEaters/PotatoeGame/Content/Meshes/Table/Table_Table_Top_BaseColor.uasset" 258
"E:/Uni Work/3rd_Year/PotatoeEaters/PotatoeGame/Content/Meshes/Table/Table_Table_Top_Normal.uasset" 259
"E:/Uni Work/3rd_Year/PotatoeEaters/PotatoeGame/Content/Meshes/Table/Table_Table_Top_OcclusionRoughnessMetallic.uasset" 260
"E:/Uni Work/3rd_Year/PotatoeEaters/PotatoeGame/Content/Meshes/Table/Table_Top.uasset" 261
"E:/Uni Work/3rd_Year/PotatoeEaters/PotatoeGame/Content/Meshes/Table/Table.uasset" 262
"E:/Uni Work/3rd_Year/PotatoeEaters/PotatoeGame/Content/Meshes/Wall.uasset" 263
"E:/Uni Work/3rd_Year/PotatoeEaters/PotatoeGame/Content/Blueprints/BP_Platform.uasset" 264
"E:/Uni Work/3rd_Year/PotatoeEaters/PotatoeGame/Content/GoodSky/Source/Data/Curve/Curve_GoodSky_Stars.uasset" 265
"E:/Uni Work/3rd_Year/PotatoeEaters/PotatoeGame/Content/GoodSky/Source/Data/Curve/Curve_GoodSky_AllOverlayColor.uasset" 266
"E:/Uni Work/3rd_Year/PotatoeEaters/PotatoeGame/Content/GoodSky/Source/Data/Curve/Curve_GoodSky_BaseCloudColor.uasset" 267
"E:/Uni Work/3rd_Year/PotatoeEaters/PotatoeGame/Content/GoodSky/Source/Data/Curve/Curve_GoodSky_DomeColor.uasset" 268
"E:/Uni Work/3rd_Year/PotatoeEaters/PotatoeGame/Content/GoodSky/Source/Data/Curve/Curve_GoodSky_horizon_Color.uasset" 269
"E:/Uni Work/3rd_Year/PotatoeEaters/PotatoeGame/Content/GoodSky/Source/Data/Curve/Curve_GoodSky_SunDirection.uasset" 270
"E:/Uni Work/3rd_Year/PotatoeEaters/PotatoeGame/Content/GoodSky/Source/Data/Structure/Structure_GoodSky.uasset" 271
"E:/Uni Work/3rd_Year/PotatoeEaters/PotatoeGame/Content/GoodSky/Source/Data/DataTable/DataTable_GoodSky.uasset" 272
"../../../Engine/Content/Functions/Engine_MaterialFunctions01/Gradient/LinearGradient.uasset" 273
"E:/Uni Work/3rd_Year/PotatoeEaters/PotatoeGame/Content/GoodSky/Source/Materials/Material_Function/MF_GoodSky_SkyDomeAlpha.uasset" 274
"E:/Uni Work/3rd_Year/PotatoeEaters/PotatoeGame/Content/GoodSky/Source/Materials/Material_Function/MF_GoodSky_Time.uasset" 275
"E:/Uni Work/3rd_Year/PotatoeEaters/PotatoeGame/Content/GoodSky/Source/Textures/T_GoodSky_clouds_A.uasset" 276
"E:/Uni Work/3rd_Year/PotatoeEaters/PotatoeGame/Content/GoodSky/Source/Textures/T_GoodSky_clouds_B.uasset" 277
"E:/Uni Work/3rd_Year/PotatoeEaters/PotatoeGame/Content/GoodSky/Source/Textures/T_GoodSky_clouds_F.uasset" 278
"E:/Uni Work/3rd_Year/PotatoeEaters/PotatoeGame/Content/GoodSky/Source/Textures/T_GoodSky_clouds_sphere.uasset" 279
"E:/Uni Work/3rd_Year/PotatoeEaters/PotatoeGame/Content/GoodSky/Source/Materials/M_GoodSky_Base.uasset" 280
"../../../Engine/Content/Functions/Engine_MaterialFunctions01/Texturing/ScaleUVsAroundPoint.uasset" 281
"E:/Uni Work/3rd_Year/PotatoeEaters/PotatoeGame/Content/GoodSky/Source/Textures/T_GoodSky_Moon.uasset" 282
"E:/Uni Work/3rd_Year/PotatoeEaters/PotatoeGame/Content/GoodSky/Source/Materials/M_GoodSky_Moon.uasset" 283
"../../../Engine/Content/Functions/Engine_MaterialFunctions01/ImageAdjustment/DeriveHDRfromLDR.uasset" 284
"../../../Engine/Content/Functions/Engine_MaterialFunctions01/Texturing/ComputeMipLevel.uasset" 285
"../../../Engine/Content/Functions/Engine_MaterialFunctions01/Texturing/TextureCropping.uasset" 286
"../../../Engine/Content/Functions/Engine_MaterialFunctions02/Utility/BreakOutFloat3Components.uasset" 287
"../../../Engine/Content/Functions/Engine_MaterialFunctions02/ExampleContent/DebugNumberStrip.uasset" 288
"../../../Engine/Content/Functions/Engine_MaterialFunctions02/ExampleContent/Textures/DebugNumberPeriod.uasset" 289
"../../../Engine/Content/Functions/Engine_MaterialFunctions02/Utility/DebugScalarValues.uasset" 290
"../../../Engine/Content/Functions/Engine_MaterialFunctions02/Utility/DebugFloat3Values.uasset" 291
"../../../Engine/Content/Functions/Engine_MaterialFunctions02/Utility/MakeFloat3.uasset" 292
"../../../Engine/Content/Functions/Engine_MaterialFunctions02/Math/RGBtoHSV.uasset" 293
"E:/Uni Work/3rd_Year/PotatoeEaters/PotatoeGame/Content/GoodSky/Source/Textures/T_GoodSky_Lightning.uasset" 294
"E:/Uni Work/3rd_Year/PotatoeEaters/PotatoeGame/Content/GoodSky/Source/Materials/M_GoodSky_Storm.uasset" 295
"E:/Uni Work/3rd_Year/PotatoeEaters/PotatoeGame/Content/GoodSky/Source/Textures/T_GoodSky_Stars.uasset" 296
"E:/Uni Work/3rd_Year/PotatoeEaters/PotatoeGame/Content/GoodSky/Source/Materials/M_GoodSky_Sun_Stars.uasset" 297
"E:/Uni Work/3rd_Year/PotatoeEaters/PotatoeGame/Content/GoodSky/Source/Data/Enum/Enum_GoodSky_Clouds_Coverage.uasset" 298
"E:/Uni Work/3rd_Year/PotatoeEaters/PotatoeGame/Content/GoodSky/Source/Data/Enum/Enum_GoodSky_Effects.uasset" 299
"E:/Uni Work/3rd_Year/PotatoeEaters/PotatoeGame/Content/GoodSky/Source/Data/Enum/Enum_GoodSky_MeshType.uasset" 300
"E:/Uni Work/3rd_Year/PotatoeEaters/PotatoeGame/Content/GoodSky/Source/Data/Enum/Enum_GoodSky_Preset.uasset" 301
"E:/Uni Work/3rd_Year/PotatoeEaters/PotatoeGame/Content/GoodSky/Source/Data/Enum/Enum_GoodSky_Style_Clouds.uasset" 302
"E:/Uni Work/3rd_Year/PotatoeEaters/PotatoeGame/Content/GoodSky/Source/Mesh/SM_GoodSky_Hemisphere.uasset" 303
"E:/Uni Work/3rd_Year/PotatoeEaters/PotatoeGame/Content/GoodSky/Source/Mesh/SM_GoodSky_Sphere.uasset" 304
"E:/Uni Work/3rd_Year/PotatoeEaters/PotatoeGame/Content/GoodSky/Source/Textures/T_GoodSky_clouds_C.uasset" 305
"E:/Uni Work/3rd_Year/PotatoeEaters/PotatoeGame/Content/GoodSky/Source/Textures/T_GoodSky_clouds_D.uasset" 306
"E:/Uni Work/3rd_Year/PotatoeEaters/PotatoeGame/Content/GoodSky/Source/Textures/T_GoodSky_clouds_E.uasset" 307
"E:/Uni Work/3rd_Year/PotatoeEaters/PotatoeGame/Content/GoodSky/Blueprint/BP_GoodSky.uasset" 308
"E:/Uni Work/3rd_Year/PotatoeEaters/PotatoeGame/Content/RollingBP/Blueprints/PotatoeGameMode.uasset" 309
"E:/Uni Work/3rd_Year/PotatoeEaters/PotatoeGame/Content/RollingBP/Maps/MainLevel_BuiltData.uasset" 310
"E:/Uni Work/3rd_Year/PotatoeEaters/PotatoeGame/Content/autumnbs/Audio/rainloops/WAV/morning_hard_bird_wav.uasset" 311
"E:/Uni Work/3rd_Year/PotatoeEaters/PotatoeGame/Content/autumnbs/Audio/rainloops/CUE/morning_hard_bird_wav_Cue.uasset" 312
"E:/Uni Work/3rd_Year/PotatoeEaters/PotatoeGame/Content/Overlay/AlteredLUT.uasset" 313
"E:/Uni Work/3rd_Year/PotatoeEaters/PotatoeGame/Content/RollingBP/Maps/MainLevel.umap" 314
"E:/Uni Work/3rd_Year/PotatoeEaters/PotatoeGame/Content/Blueprints/HUD/PauseStuff/UMG/UMG_GameJam_MainMenu_Widget.uasset" 315
"E:/Uni Work/3rd_Year/PotatoeEaters/PotatoeGame/Content/Blueprints/HUD/PauseStuff/BP_GameJamKit_MainMenu_HUD.uasset" 316
"E:/Uni Work/3rd_Year/PotatoeEaters/PotatoeGame/Content/Blueprints/HUD/PauseStuff/MainMenuGM.uasset" 317
"E:/Uni Work/3rd_Year/PotatoeEaters/PotatoeGame/Content/RollingBP/Maps/MainMenu.umap" 318
"../../../Engine/Content/Maps/Entry_BuiltData.uasset" 319
"../../../Engine/Content/Maps/Entry.umap" 320
